<?xml version="1.0" encoding="UTF-8"?>
<!-- Generated by org.testng.reporters.JUnitReportReporter -->
<testsuite hostname="DESKTOP-9FML8JM" failures="0" tests="1" name="firstMaven.seleniumTest.TestNGDemoTest" time="0.018" errors="0" timestamp="2022-07-13T18:35:56 EET" skipped="0">
  <testcase classname="firstMaven.seleniumTest.TestNGDemoTest" name="openURLTest" time="0.018"/>
  <system-out/>
</testsuite> <!-- firstMaven.seleniumTest.TestNGDemoTest -->
